Terminals unused in grammar

    START
    END
    ARGS
    ARR_INDEX


Grammar

    0 $accept: code $end

    1 code: typedefSection globalDeclarations functionDefinitionList mainFunction
    2     | globalDeclarations functionDefinitionList mainFunction
    3     | typedefSection globalDeclarations mainFunction
    4     | mainFunction

    5 $@1: %empty

    6 typedefSection: TYPE $@1 typedefList ENDTYPE

    7 $@2: %empty

    8 typedefSection: TYPE $@2 ENDTYPE

    9 typedefList: typedefList typeDefinition
   10            | typeDefinition

   11 $@3: %empty

   12 typeDefinition: VAR $@3 '{' fieldList '}' ';'

   13 fieldList: fieldList fieldDeclaration
   14          | fieldDeclaration

   15 fieldDeclaration: fieldType VAR ';'

   16 fieldType: INT
   17          | STR
   18          | VAR

   19 globalDeclarations: DECL declarationList ENDDECL

   20 declarationList: declarationList declaration
   21                | declaration

   22 declaration: dataType variableList ';'

   23 dataType: INT
   24         | STR
   25         | VAR

   26 variableList: variableList ',' VAR
   27             | variableList ',' VAR '[' NUM ']'
   28             | variableList ',' VAR '(' parameterList ')'
   29             | VAR
   30             | VAR '[' NUM ']'
   31             | VAR '(' parameterList ')'

   32 functionDefinitionList: functionDefinitionList functionDefinition
   33                       | functionDefinition

   34 $@4: %empty

   35 functionDefinition: returnType VAR '(' parameterList ')' '{' localDeclarationBlock $@4 functionBody '}'

   36 returnType: INT
   37           | STR
   38           | VAR

   39 parameterList: parameterList ',' parameter
   40              | parameter
   41              | %empty

   42 parameter: dataType VAR

   43 localDeclarationBlock: DECL localDeclarationList ENDDECL
   44                      | %empty

   45 localDeclarationList: localDeclarationList localDeclaration
   46                     | localDeclaration

   47 localDeclaration: dataType localVariableList ';'

   48 localVariableList: localVariableList ',' VAR
   49                  | VAR

   50 functionBody: statementList

   51 mainFunction: INT MAIN '(' ')' '{' localDeclarationBlock statementList '}'

   52 statementList: statementList statement ';'
   53              | statement ';'

   54 statement: inputStatement
   55          | outputStatement
   56          | assignmentStatement
   57          | ifStatement
   58          | whileStatement
   59          | jumpStatement
   60          | functionCallStatement
   61          | returnStatement
   62          | allocStatement
   63          | deAllocStatement

   64 inputStatement: READ '(' expression ')'

   65 outputStatement: WRITE '(' expression ')'

   66 allocStatement: expression EQUALS ALLOC '(' ')'

   67 deAllocStatement: DEALLOC '(' expression ')'

   68 assignmentStatement: expression EQUALS expression

   69 ifStatement: IF '(' expression ')' THEN statementList ELSE statementList ENDIF
   70            | IF '(' expression ')' THEN statementList ENDIF

   71 whileStatement: WHILE '(' expression ')' DO statementList ENDWHILE
   72               | DO statementList WHILE '(' expression ')' ENDWHILE
   73               | REPEAT statementList UNTIL '(' expression ')'

   74 jumpStatement: CONTINUE
   75              | BREAK

   76 functionCallStatement: VAR '(' argList ')'

   77 returnStatement: RETURN expression

   78 expression: '(' expression ')'
   79           | VAR '(' argList ')'
   80           | arithmeticExpression
   81           | logicalExpression
   82           | constant
   83           | variable

   84 arithmeticExpression: expression ADD expression
   85                     | expression SUB expression
   86                     | expression MUL expression
   87                     | expression DIV expression

   88 logicalExpression: expression SLT expression
   89                  | expression SGT expression
   90                  | expression LTE expression
   91                  | expression GTE expression
   92                  | expression NEQ expression
   93                  | expression EQU expression

   94 constant: NUM
   95         | STRING
   96         | NULL_TOKEN

   97 variable: VAR '[' expression ']'
   98         | VAR
   99         | field

  100 field: VAR '.' field
  101      | VAR '.' VAR

  102 argList: argList ',' expression
  103        | expression
  104        | %empty


Terminals, with rules where they appear

    $end (0) 0
    '(' (40) 28 31 35 51 64 65 66 67 69 70 71 72 73 76 78 79
    ')' (41) 28 31 35 51 64 65 66 67 69 70 71 72 73 76 78 79
    ',' (44) 26 27 28 39 48 102
    '.' (46) 100 101
    ';' (59) 12 15 22 47 52 53
    '[' (91) 27 30 97
    ']' (93) 27 30 97
    '{' (123) 12 35 51
    '}' (125) 12 35 51
    error (256)
    START (258)
    END (259)
    DECL (260) 19 43
    ENDDECL (261) 19 43
    IF (262) 69 70
    THEN (263) 69 70
    ELSE (264) 69
    ENDIF (265) 69 70
    WHILE (266) 71 72
    DO (267) 71 72
    ENDWHILE (268) 71 72
    READ (269) 64
    WRITE (270) 65
    CONTINUE (271) 74
    BREAK (272) 75
    REPEAT (273) 73
    UNTIL (274) 73
    MAIN (275) 51
    ARGS (276)
    RETURN (277) 77
    ALLOC (278) 66
    DEALLOC (279) 67
    INT (280) 16 23 36 51
    STR (281) 17 24 37
    NULL_TOKEN (282) 96
    TYPE (283) 6 8
    ENDTYPE (284) 6 8
    NUM (285) 27 30 94
    VAR (286) 12 15 18 25 26 27 28 29 30 31 35 38 42 48 49 76 79 97 98 100 101
    ADD (287) 84
    SUB (288) 85
    MUL (289) 86
    DIV (290) 87
    EQUALS (291) 66 68
    SLT (292) 88
    SGT (293) 89
    LTE (294) 90
    GTE (295) 91
    NEQ (296) 92
    EQU (297) 93
    STRING (298) 95
    ARR_INDEX (299)


Nonterminals, with rules where they appear

    $accept (54)
        on left: 0
    code (55)
        on left: 1 2 3 4
        on right: 0
    typedefSection <node> (56)
        on left: 6 8
        on right: 1 3
    $@1 (57)
        on left: 5
        on right: 6
    $@2 (58)
        on left: 7
        on right: 8
    typedefList <node> (59)
        on left: 9 10
        on right: 6 9
    typeDefinition <node> (60)
        on left: 12
        on right: 9 10
    $@3 (61)
        on left: 11
        on right: 12
    fieldList <fieldnode> (62)
        on left: 13 14
        on right: 12 13
    fieldDeclaration <fieldnode> (63)
        on left: 15
        on right: 13 14
    fieldType <typenode> (64)
        on left: 16 17 18
        on right: 15
    globalDeclarations <node> (65)
        on left: 19
        on right: 1 2 3
    declarationList <node> (66)
        on left: 20 21
        on right: 19 20
    declaration <node> (67)
        on left: 22
        on right: 20 21
    dataType <typenode> (68)
        on left: 23 24 25
        on right: 22 42 47
    variableList <node> (69)
        on left: 26 27 28 29 30 31
        on right: 22 26 27 28
    functionDefinitionList <node> (70)
        on left: 32 33
        on right: 1 2 32
    functionDefinition <node> (71)
        on left: 35
        on right: 32 33
    $@4 (72)
        on left: 34
        on right: 35
    returnType <typenode> (73)
        on left: 36 37 38
        on right: 35
    parameterList <fparams> (74)
        on left: 39 40 41
        on right: 28 31 35 39
    parameter <fparams> (75)
        on left: 42
        on right: 39 40
    localDeclarationBlock <node> (76)
        on left: 43 44
        on right: 35 51
    localDeclarationList <node> (77)
        on left: 45 46
        on right: 43 45
    localDeclaration <node> (78)
        on left: 47
        on right: 45 46
    localVariableList <node> (79)
        on left: 48 49
        on right: 47 48
    functionBody <node> (80)
        on left: 50
        on right: 35
    mainFunction <node> (81)
        on left: 51
        on right: 1 2 3 4
    statementList <node> (82)
        on left: 52 53
        on right: 50 51 52 69 70 71 72 73
    statement <node> (83)
        on left: 54 55 56 57 58 59 60 61 62 63
        on right: 52 53
    inputStatement <node> (84)
        on left: 64
        on right: 54
    outputStatement <node> (85)
        on left: 65
        on right: 55
    allocStatement <node> (86)
        on left: 66
        on right: 62
    deAllocStatement <node> (87)
        on left: 67
        on right: 63
    assignmentStatement <node> (88)
        on left: 68
        on right: 56
    ifStatement <node> (89)
        on left: 69 70
        on right: 57
    whileStatement <node> (90)
        on left: 71 72 73
        on right: 58
    jumpStatement <node> (91)
        on left: 74 75
        on right: 59
    functionCallStatement <node> (92)
        on left: 76
        on right: 60
    returnStatement <node> (93)
        on left: 77
        on right: 61
    expression <node> (94)
        on left: 78 79 80 81 82 83
        on right: 64 65 66 67 68 69 70 71 72 73 77 78 84 85 86 87 88 89 90 91 92 93 97 102 103
    arithmeticExpression <node> (95)
        on left: 84 85 86 87
        on right: 80
    logicalExpression <node> (96)
        on left: 88 89 90 91 92 93
        on right: 81
    constant <node> (97)
        on left: 94 95 96
        on right: 82
    variable <node> (98)
        on left: 97 98 99
        on right: 83
    field <fieldnode> (99)
        on left: 100 101
        on right: 99 100
    argList <node> (100)
        on left: 102 103 104
        on right: 76 79 102


State 0

    0 $accept: . code $end

    DECL  shift, and go to state 1
    INT   shift, and go to state 2
    TYPE  shift, and go to state 3

    code                go to state 4
    typedefSection      go to state 5
    globalDeclarations  go to state 6
    mainFunction        go to state 7


State 1

   19 globalDeclarations: DECL . declarationList ENDDECL

    INT  shift, and go to state 8
    STR  shift, and go to state 9
    VAR  shift, and go to state 10

    declarationList  go to state 11
    declaration      go to state 12
    dataType         go to state 13


State 2

   51 mainFunction: INT . MAIN '(' ')' '{' localDeclarationBlock statementList '}'

    MAIN  shift, and go to state 14


State 3

    6 typedefSection: TYPE . $@1 typedefList ENDTYPE
    8               | TYPE . $@2 ENDTYPE

    ENDTYPE   reduce using rule 7 ($@2)
    $default  reduce using rule 5 ($@1)

    $@1  go to state 15
    $@2  go to state 16


State 4

    0 $accept: code . $end

    $end  shift, and go to state 17


State 5

    1 code: typedefSection . globalDeclarations functionDefinitionList mainFunction
    3     | typedefSection . globalDeclarations mainFunction

    DECL  shift, and go to state 1

    globalDeclarations  go to state 18


State 6

    2 code: globalDeclarations . functionDefinitionList mainFunction

    INT  shift, and go to state 19
    STR  shift, and go to state 20
    VAR  shift, and go to state 21

    functionDefinitionList  go to state 22
    functionDefinition      go to state 23
    returnType              go to state 24


State 7

    4 code: mainFunction .

    $default  reduce using rule 4 (code)


State 8

   23 dataType: INT .

    $default  reduce using rule 23 (dataType)


State 9

   24 dataType: STR .

    $default  reduce using rule 24 (dataType)


State 10

   25 dataType: VAR .

    $default  reduce using rule 25 (dataType)


State 11

   19 globalDeclarations: DECL declarationList . ENDDECL
   20 declarationList: declarationList . declaration

    ENDDECL  shift, and go to state 25
    INT      shift, and go to state 8
    STR      shift, and go to state 9
    VAR      shift, and go to state 10

    declaration  go to state 26
    dataType     go to state 13


State 12

   21 declarationList: declaration .

    $default  reduce using rule 21 (declarationList)


State 13

   22 declaration: dataType . variableList ';'

    VAR  shift, and go to state 27

    variableList  go to state 28


State 14

   51 mainFunction: INT MAIN . '(' ')' '{' localDeclarationBlock statementList '}'

    '('  shift, and go to state 29


State 15

    6 typedefSection: TYPE $@1 . typedefList ENDTYPE

    VAR  shift, and go to state 30

    typedefList     go to state 31
    typeDefinition  go to state 32


State 16

    8 typedefSection: TYPE $@2 . ENDTYPE

    ENDTYPE  shift, and go to state 33


State 17

    0 $accept: code $end .

    $default  accept


State 18

    1 code: typedefSection globalDeclarations . functionDefinitionList mainFunction
    3     | typedefSection globalDeclarations . mainFunction

    INT  shift, and go to state 34
    STR  shift, and go to state 20
    VAR  shift, and go to state 21

    functionDefinitionList  go to state 35
    functionDefinition      go to state 23
    returnType              go to state 24
    mainFunction            go to state 36


State 19

   36 returnType: INT .

    $default  reduce using rule 36 (returnType)


State 20

   37 returnType: STR .

    $default  reduce using rule 37 (returnType)


State 21

   38 returnType: VAR .

    $default  reduce using rule 38 (returnType)


State 22

    2 code: globalDeclarations functionDefinitionList . mainFunction
   32 functionDefinitionList: functionDefinitionList . functionDefinition

    INT  shift, and go to state 34
    STR  shift, and go to state 20
    VAR  shift, and go to state 21

    functionDefinition  go to state 37
    returnType          go to state 24
    mainFunction        go to state 38


State 23

   33 functionDefinitionList: functionDefinition .

    $default  reduce using rule 33 (functionDefinitionList)


State 24

   35 functionDefinition: returnType . VAR '(' parameterList ')' '{' localDeclarationBlock $@4 functionBody '}'

    VAR  shift, and go to state 39


State 25

   19 globalDeclarations: DECL declarationList ENDDECL .

    $default  reduce using rule 19 (globalDeclarations)


State 26

   20 declarationList: declarationList declaration .

    $default  reduce using rule 20 (declarationList)


State 27

   29 variableList: VAR .
   30             | VAR . '[' NUM ']'
   31             | VAR . '(' parameterList ')'

    '['  shift, and go to state 40
    '('  shift, and go to state 41

    $default  reduce using rule 29 (variableList)


State 28

   22 declaration: dataType variableList . ';'
   26 variableList: variableList . ',' VAR
   27             | variableList . ',' VAR '[' NUM ']'
   28             | variableList . ',' VAR '(' parameterList ')'

    ';'  shift, and go to state 42
    ','  shift, and go to state 43


State 29

   51 mainFunction: INT MAIN '(' . ')' '{' localDeclarationBlock statementList '}'

    ')'  shift, and go to state 44


State 30

   12 typeDefinition: VAR . $@3 '{' fieldList '}' ';'

    $default  reduce using rule 11 ($@3)

    $@3  go to state 45


State 31

    6 typedefSection: TYPE $@1 typedefList . ENDTYPE
    9 typedefList: typedefList . typeDefinition

    ENDTYPE  shift, and go to state 46
    VAR      shift, and go to state 30

    typeDefinition  go to state 47


State 32

   10 typedefList: typeDefinition .

    $default  reduce using rule 10 (typedefList)


State 33

    8 typedefSection: TYPE $@2 ENDTYPE .

    $default  reduce using rule 8 (typedefSection)


State 34

   36 returnType: INT .
   51 mainFunction: INT . MAIN '(' ')' '{' localDeclarationBlock statementList '}'

    MAIN  shift, and go to state 14

    $default  reduce using rule 36 (returnType)


State 35

    1 code: typedefSection globalDeclarations functionDefinitionList . mainFunction
   32 functionDefinitionList: functionDefinitionList . functionDefinition

    INT  shift, and go to state 34
    STR  shift, and go to state 20
    VAR  shift, and go to state 21

    functionDefinition  go to state 37
    returnType          go to state 24
    mainFunction        go to state 48


State 36

    3 code: typedefSection globalDeclarations mainFunction .

    $default  reduce using rule 3 (code)


State 37

   32 functionDefinitionList: functionDefinitionList functionDefinition .

    $default  reduce using rule 32 (functionDefinitionList)


State 38

    2 code: globalDeclarations functionDefinitionList mainFunction .

    $default  reduce using rule 2 (code)


State 39

   35 functionDefinition: returnType VAR . '(' parameterList ')' '{' localDeclarationBlock $@4 functionBody '}'

    '('  shift, and go to state 49


State 40

   30 variableList: VAR '[' . NUM ']'

    NUM  shift, and go to state 50


State 41

   31 variableList: VAR '(' . parameterList ')'

    INT  shift, and go to state 8
    STR  shift, and go to state 9
    VAR  shift, and go to state 10

    $default  reduce using rule 41 (parameterList)

    dataType       go to state 51
    parameterList  go to state 52
    parameter      go to state 53


State 42

   22 declaration: dataType variableList ';' .

    $default  reduce using rule 22 (declaration)


State 43

   26 variableList: variableList ',' . VAR
   27             | variableList ',' . VAR '[' NUM ']'
   28             | variableList ',' . VAR '(' parameterList ')'

    VAR  shift, and go to state 54


State 44

   51 mainFunction: INT MAIN '(' ')' . '{' localDeclarationBlock statementList '}'

    '{'  shift, and go to state 55


State 45

   12 typeDefinition: VAR $@3 . '{' fieldList '}' ';'

    '{'  shift, and go to state 56


State 46

    6 typedefSection: TYPE $@1 typedefList ENDTYPE .

    $default  reduce using rule 6 (typedefSection)


State 47

    9 typedefList: typedefList typeDefinition .

    $default  reduce using rule 9 (typedefList)


State 48

    1 code: typedefSection globalDeclarations functionDefinitionList mainFunction .

    $default  reduce using rule 1 (code)


State 49

   35 functionDefinition: returnType VAR '(' . parameterList ')' '{' localDeclarationBlock $@4 functionBody '}'

    INT  shift, and go to state 8
    STR  shift, and go to state 9
    VAR  shift, and go to state 10

    $default  reduce using rule 41 (parameterList)

    dataType       go to state 51
    parameterList  go to state 57
    parameter      go to state 53


State 50

   30 variableList: VAR '[' NUM . ']'

    ']'  shift, and go to state 58


State 51

   42 parameter: dataType . VAR

    VAR  shift, and go to state 59


State 52

   31 variableList: VAR '(' parameterList . ')'
   39 parameterList: parameterList . ',' parameter

    ','  shift, and go to state 60
    ')'  shift, and go to state 61


State 53

   40 parameterList: parameter .

    $default  reduce using rule 40 (parameterList)


State 54

   26 variableList: variableList ',' VAR .
   27             | variableList ',' VAR . '[' NUM ']'
   28             | variableList ',' VAR . '(' parameterList ')'

    '['  shift, and go to state 62
    '('  shift, and go to state 63

    $default  reduce using rule 26 (variableList)


State 55

   51 mainFunction: INT MAIN '(' ')' '{' . localDeclarationBlock statementList '}'

    DECL  shift, and go to state 64

    $default  reduce using rule 44 (localDeclarationBlock)

    localDeclarationBlock  go to state 65


State 56

   12 typeDefinition: VAR $@3 '{' . fieldList '}' ';'

    INT  shift, and go to state 66
    STR  shift, and go to state 67
    VAR  shift, and go to state 68

    fieldList         go to state 69
    fieldDeclaration  go to state 70
    fieldType         go to state 71


State 57

   35 functionDefinition: returnType VAR '(' parameterList . ')' '{' localDeclarationBlock $@4 functionBody '}'
   39 parameterList: parameterList . ',' parameter

    ','  shift, and go to state 60
    ')'  shift, and go to state 72


State 58

   30 variableList: VAR '[' NUM ']' .

    $default  reduce using rule 30 (variableList)


State 59

   42 parameter: dataType VAR .

    $default  reduce using rule 42 (parameter)


State 60

   39 parameterList: parameterList ',' . parameter

    INT  shift, and go to state 8
    STR  shift, and go to state 9
    VAR  shift, and go to state 10

    dataType   go to state 51
    parameter  go to state 73


State 61

   31 variableList: VAR '(' parameterList ')' .

    $default  reduce using rule 31 (variableList)


State 62

   27 variableList: variableList ',' VAR '[' . NUM ']'

    NUM  shift, and go to state 74


State 63

   28 variableList: variableList ',' VAR '(' . parameterList ')'

    INT  shift, and go to state 8
    STR  shift, and go to state 9
    VAR  shift, and go to state 10

    $default  reduce using rule 41 (parameterList)

    dataType       go to state 51
    parameterList  go to state 75
    parameter      go to state 53


State 64

   43 localDeclarationBlock: DECL . localDeclarationList ENDDECL

    INT  shift, and go to state 8
    STR  shift, and go to state 9
    VAR  shift, and go to state 10

    dataType              go to state 76
    localDeclarationList  go to state 77
    localDeclaration      go to state 78


State 65

   51 mainFunction: INT MAIN '(' ')' '{' localDeclarationBlock . statementList '}'

    IF          shift, and go to state 79
    WHILE       shift, and go to state 80
    DO          shift, and go to state 81
    READ        shift, and go to state 82
    WRITE       shift, and go to state 83
    CONTINUE    shift, and go to state 84
    BREAK       shift, and go to state 85
    REPEAT      shift, and go to state 86
    RETURN      shift, and go to state 87
    DEALLOC     shift, and go to state 88
    NULL_TOKEN  shift, and go to state 89
    NUM         shift, and go to state 90
    VAR         shift, and go to state 91
    STRING      shift, and go to state 92
    '('         shift, and go to state 93

    statementList          go to state 94
    statement              go to state 95
    inputStatement         go to state 96
    outputStatement        go to state 97
    allocStatement         go to state 98
    deAllocStatement       go to state 99
    assignmentStatement    go to state 100
    ifStatement            go to state 101
    whileStatement         go to state 102
    jumpStatement          go to state 103
    functionCallStatement  go to state 104
    returnStatement        go to state 105
    expression             go to state 106
    arithmeticExpression   go to state 107
    logicalExpression      go to state 108
    constant               go to state 109
    variable               go to state 110
    field                  go to state 111


State 66

   16 fieldType: INT .

    $default  reduce using rule 16 (fieldType)


State 67

   17 fieldType: STR .

    $default  reduce using rule 17 (fieldType)


State 68

   18 fieldType: VAR .

    $default  reduce using rule 18 (fieldType)


State 69

   12 typeDefinition: VAR $@3 '{' fieldList . '}' ';'
   13 fieldList: fieldList . fieldDeclaration

    INT  shift, and go to state 66
    STR  shift, and go to state 67
    VAR  shift, and go to state 68
    '}'  shift, and go to state 112

    fieldDeclaration  go to state 113
    fieldType         go to state 71


State 70

   14 fieldList: fieldDeclaration .

    $default  reduce using rule 14 (fieldList)


State 71

   15 fieldDeclaration: fieldType . VAR ';'

    VAR  shift, and go to state 114


State 72

   35 functionDefinition: returnType VAR '(' parameterList ')' . '{' localDeclarationBlock $@4 functionBody '}'

    '{'  shift, and go to state 115


State 73

   39 parameterList: parameterList ',' parameter .

    $default  reduce using rule 39 (parameterList)


State 74

   27 variableList: variableList ',' VAR '[' NUM . ']'

    ']'  shift, and go to state 116


State 75

   28 variableList: variableList ',' VAR '(' parameterList . ')'
   39 parameterList: parameterList . ',' parameter

    ','  shift, and go to state 60
    ')'  shift, and go to state 117


State 76

   47 localDeclaration: dataType . localVariableList ';'

    VAR  shift, and go to state 118

    localVariableList  go to state 119


State 77

   43 localDeclarationBlock: DECL localDeclarationList . ENDDECL
   45 localDeclarationList: localDeclarationList . localDeclaration

    ENDDECL  shift, and go to state 120
    INT      shift, and go to state 8
    STR      shift, and go to state 9
    VAR      shift, and go to state 10

    dataType          go to state 76
    localDeclaration  go to state 121


State 78

   46 localDeclarationList: localDeclaration .

    $default  reduce using rule 46 (localDeclarationList)


State 79

   69 ifStatement: IF . '(' expression ')' THEN statementList ELSE statementList ENDIF
   70            | IF . '(' expression ')' THEN statementList ENDIF

    '('  shift, and go to state 122


State 80

   71 whileStatement: WHILE . '(' expression ')' DO statementList ENDWHILE

    '('  shift, and go to state 123


State 81

   72 whileStatement: DO . statementList WHILE '(' expression ')' ENDWHILE

    IF          shift, and go to state 79
    WHILE       shift, and go to state 80
    DO          shift, and go to state 81
    READ        shift, and go to state 82
    WRITE       shift, and go to state 83
    CONTINUE    shift, and go to state 84
    BREAK       shift, and go to state 85
    REPEAT      shift, and go to state 86
    RETURN      shift, and go to state 87
    DEALLOC     shift, and go to state 88
    NULL_TOKEN  shift, and go to state 89
    NUM         shift, and go to state 90
    VAR         shift, and go to state 91
    STRING      shift, and go to state 92
    '('         shift, and go to state 93

    statementList          go to state 124
    statement              go to state 95
    inputStatement         go to state 96
    outputStatement        go to state 97
    allocStatement         go to state 98
    deAllocStatement       go to state 99
    assignmentStatement    go to state 100
    ifStatement            go to state 101
    whileStatement         go to state 102
    jumpStatement          go to state 103
    functionCallStatement  go to state 104
    returnStatement        go to state 105
    expression             go to state 106
    arithmeticExpression   go to state 107
    logicalExpression      go to state 108
    constant               go to state 109
    variable               go to state 110
    field                  go to state 111


State 82

   64 inputStatement: READ . '(' expression ')'

    '('  shift, and go to state 125


State 83

   65 outputStatement: WRITE . '(' expression ')'

    '('  shift, and go to state 126


State 84

   74 jumpStatement: CONTINUE .

    $default  reduce using rule 74 (jumpStatement)


State 85

   75 jumpStatement: BREAK .

    $default  reduce using rule 75 (jumpStatement)


State 86

   73 whileStatement: REPEAT . statementList UNTIL '(' expression ')'

    IF          shift, and go to state 79
    WHILE       shift, and go to state 80
    DO          shift, and go to state 81
    READ        shift, and go to state 82
    WRITE       shift, and go to state 83
    CONTINUE    shift, and go to state 84
    BREAK       shift, and go to state 85
    REPEAT      shift, and go to state 86
    RETURN      shift, and go to state 87
    DEALLOC     shift, and go to state 88
    NULL_TOKEN  shift, and go to state 89
    NUM         shift, and go to state 90
    VAR         shift, and go to state 91
    STRING      shift, and go to state 92
    '('         shift, and go to state 93

    statementList          go to state 127
    statement              go to state 95
    inputStatement         go to state 96
    outputStatement        go to state 97
    allocStatement         go to state 98
    deAllocStatement       go to state 99
    assignmentStatement    go to state 100
    ifStatement            go to state 101
    whileStatement         go to state 102
    jumpStatement          go to state 103
    functionCallStatement  go to state 104
    returnStatement        go to state 105
    expression             go to state 106
    arithmeticExpression   go to state 107
    logicalExpression      go to state 108
    constant               go to state 109
    variable               go to state 110
    field                  go to state 111


State 87

   77 returnStatement: RETURN . expression

    NULL_TOKEN  shift, and go to state 89
    NUM         shift, and go to state 90
    VAR         shift, and go to state 128
    STRING      shift, and go to state 92
    '('         shift, and go to state 93

    expression            go to state 129
    arithmeticExpression  go to state 107
    logicalExpression     go to state 108
    constant              go to state 109
    variable              go to state 110
    field                 go to state 111


State 88

   67 deAllocStatement: DEALLOC . '(' expression ')'

    '('  shift, and go to state 130


State 89

   96 constant: NULL_TOKEN .

    $default  reduce using rule 96 (constant)


State 90

   94 constant: NUM .

    $default  reduce using rule 94 (constant)


State 91

   76 functionCallStatement: VAR . '(' argList ')'
   79 expression: VAR . '(' argList ')'
   97 variable: VAR . '[' expression ']'
   98         | VAR .
  100 field: VAR . '.' field
  101      | VAR . '.' VAR

    '['  shift, and go to state 131
    '('  shift, and go to state 132
    '.'  shift, and go to state 133

    $default  reduce using rule 98 (variable)


State 92

   95 constant: STRING .

    $default  reduce using rule 95 (constant)


State 93

   78 expression: '(' . expression ')'

    NULL_TOKEN  shift, and go to state 89
    NUM         shift, and go to state 90
    VAR         shift, and go to state 128
    STRING      shift, and go to state 92
    '('         shift, and go to state 93

    expression            go to state 134
    arithmeticExpression  go to state 107
    logicalExpression     go to state 108
    constant              go to state 109
    variable              go to state 110
    field                 go to state 111


State 94

   51 mainFunction: INT MAIN '(' ')' '{' localDeclarationBlock statementList . '}'
   52 statementList: statementList . statement ';'

    IF          shift, and go to state 79
    WHILE       shift, and go to state 80
    DO          shift, and go to state 81
    READ        shift, and go to state 82
    WRITE       shift, and go to state 83
    CONTINUE    shift, and go to state 84
    BREAK       shift, and go to state 85
    REPEAT      shift, and go to state 86
    RETURN      shift, and go to state 87
    DEALLOC     shift, and go to state 88
    NULL_TOKEN  shift, and go to state 89
    NUM         shift, and go to state 90
    VAR         shift, and go to state 91
    STRING      shift, and go to state 92
    '}'         shift, and go to state 135
    '('         shift, and go to state 93

    statement              go to state 136
    inputStatement         go to state 96
    outputStatement        go to state 97
    allocStatement         go to state 98
    deAllocStatement       go to state 99
    assignmentStatement    go to state 100
    ifStatement            go to state 101
    whileStatement         go to state 102
    jumpStatement          go to state 103
    functionCallStatement  go to state 104
    returnStatement        go to state 105
    expression             go to state 106
    arithmeticExpression   go to state 107
    logicalExpression      go to state 108
    constant               go to state 109
    variable               go to state 110
    field                  go to state 111


State 95

   53 statementList: statement . ';'

    ';'  shift, and go to state 137


State 96

   54 statement: inputStatement .

    $default  reduce using rule 54 (statement)


State 97

   55 statement: outputStatement .

    $default  reduce using rule 55 (statement)


State 98

   62 statement: allocStatement .

    $default  reduce using rule 62 (statement)


State 99

   63 statement: deAllocStatement .

    $default  reduce using rule 63 (statement)


State 100

   56 statement: assignmentStatement .

    $default  reduce using rule 56 (statement)


State 101

   57 statement: ifStatement .

    $default  reduce using rule 57 (statement)


State 102

   58 statement: whileStatement .

    $default  reduce using rule 58 (statement)


State 103

   59 statement: jumpStatement .

    $default  reduce using rule 59 (statement)


State 104

   60 statement: functionCallStatement .

    $default  reduce using rule 60 (statement)


State 105

   61 statement: returnStatement .

    $default  reduce using rule 61 (statement)


State 106

   66 allocStatement: expression . EQUALS ALLOC '(' ')'
   68 assignmentStatement: expression . EQUALS expression
   84 arithmeticExpression: expression . ADD expression
   85                     | expression . SUB expression
   86                     | expression . MUL expression
   87                     | expression . DIV expression
   88 logicalExpression: expression . SLT expression
   89                  | expression . SGT expression
   90                  | expression . LTE expression
   91                  | expression . GTE expression
   92                  | expression . NEQ expression
   93                  | expression . EQU expression

    ADD     shift, and go to state 138
    SUB     shift, and go to state 139
    MUL     shift, and go to state 140
    DIV     shift, and go to state 141
    EQUALS  shift, and go to state 142
    SLT     shift, and go to state 143
    SGT     shift, and go to state 144
    LTE     shift, and go to state 145
    GTE     shift, and go to state 146
    NEQ     shift, and go to state 147
    EQU     shift, and go to state 148


State 107

   80 expression: arithmeticExpression .

    $default  reduce using rule 80 (expression)


State 108

   81 expression: logicalExpression .

    $default  reduce using rule 81 (expression)


State 109

   82 expression: constant .

    $default  reduce using rule 82 (expression)


State 110

   83 expression: variable .

    $default  reduce using rule 83 (expression)


State 111

   99 variable: field .

    $default  reduce using rule 99 (variable)


State 112

   12 typeDefinition: VAR $@3 '{' fieldList '}' . ';'

    ';'  shift, and go to state 149


State 113

   13 fieldList: fieldList fieldDeclaration .

    $default  reduce using rule 13 (fieldList)


State 114

   15 fieldDeclaration: fieldType VAR . ';'

    ';'  shift, and go to state 150


State 115

   35 functionDefinition: returnType VAR '(' parameterList ')' '{' . localDeclarationBlock $@4 functionBody '}'

    DECL  shift, and go to state 64

    $default  reduce using rule 44 (localDeclarationBlock)

    localDeclarationBlock  go to state 151


State 116

   27 variableList: variableList ',' VAR '[' NUM ']' .

    $default  reduce using rule 27 (variableList)


State 117

   28 variableList: variableList ',' VAR '(' parameterList ')' .

    $default  reduce using rule 28 (variableList)


State 118

   49 localVariableList: VAR .

    $default  reduce using rule 49 (localVariableList)


State 119

   47 localDeclaration: dataType localVariableList . ';'
   48 localVariableList: localVariableList . ',' VAR

    ';'  shift, and go to state 152
    ','  shift, and go to state 153


State 120

   43 localDeclarationBlock: DECL localDeclarationList ENDDECL .

    $default  reduce using rule 43 (localDeclarationBlock)


State 121

   45 localDeclarationList: localDeclarationList localDeclaration .

    $default  reduce using rule 45 (localDeclarationList)


State 122

   69 ifStatement: IF '(' . expression ')' THEN statementList ELSE statementList ENDIF
   70            | IF '(' . expression ')' THEN statementList ENDIF

    NULL_TOKEN  shift, and go to state 89
    NUM         shift, and go to state 90
    VAR         shift, and go to state 128
    STRING      shift, and go to state 92
    '('         shift, and go to state 93

    expression            go to state 154
    arithmeticExpression  go to state 107
    logicalExpression     go to state 108
    constant              go to state 109
    variable              go to state 110
    field                 go to state 111


State 123

   71 whileStatement: WHILE '(' . expression ')' DO statementList ENDWHILE

    NULL_TOKEN  shift, and go to state 89
    NUM         shift, and go to state 90
    VAR         shift, and go to state 128
    STRING      shift, and go to state 92
    '('         shift, and go to state 93

    expression            go to state 155
    arithmeticExpression  go to state 107
    logicalExpression     go to state 108
    constant              go to state 109
    variable              go to state 110
    field                 go to state 111


State 124

   52 statementList: statementList . statement ';'
   72 whileStatement: DO statementList . WHILE '(' expression ')' ENDWHILE

    IF          shift, and go to state 79
    WHILE       shift, and go to state 156
    DO          shift, and go to state 81
    READ        shift, and go to state 82
    WRITE       shift, and go to state 83
    CONTINUE    shift, and go to state 84
    BREAK       shift, and go to state 85
    REPEAT      shift, and go to state 86
    RETURN      shift, and go to state 87
    DEALLOC     shift, and go to state 88
    NULL_TOKEN  shift, and go to state 89
    NUM         shift, and go to state 90
    VAR         shift, and go to state 91
    STRING      shift, and go to state 92
    '('         shift, and go to state 93

    statement              go to state 136
    inputStatement         go to state 96
    outputStatement        go to state 97
    allocStatement         go to state 98
    deAllocStatement       go to state 99
    assignmentStatement    go to state 100
    ifStatement            go to state 101
    whileStatement         go to state 102
    jumpStatement          go to state 103
    functionCallStatement  go to state 104
    returnStatement        go to state 105
    expression             go to state 106
    arithmeticExpression   go to state 107
    logicalExpression      go to state 108
    constant               go to state 109
    variable               go to state 110
    field                  go to state 111


State 125

   64 inputStatement: READ '(' . expression ')'

    NULL_TOKEN  shift, and go to state 89
    NUM         shift, and go to state 90
    VAR         shift, and go to state 128
    STRING      shift, and go to state 92
    '('         shift, and go to state 93

    expression            go to state 157
    arithmeticExpression  go to state 107
    logicalExpression     go to state 108
    constant              go to state 109
    variable              go to state 110
    field                 go to state 111


State 126

   65 outputStatement: WRITE '(' . expression ')'

    NULL_TOKEN  shift, and go to state 89
    NUM         shift, and go to state 90
    VAR         shift, and go to state 128
    STRING      shift, and go to state 92
    '('         shift, and go to state 93

    expression            go to state 158
    arithmeticExpression  go to state 107
    logicalExpression     go to state 108
    constant              go to state 109
    variable              go to state 110
    field                 go to state 111


State 127

   52 statementList: statementList . statement ';'
   73 whileStatement: REPEAT statementList . UNTIL '(' expression ')'

    IF          shift, and go to state 79
    WHILE       shift, and go to state 80
    DO          shift, and go to state 81
    READ        shift, and go to state 82
    WRITE       shift, and go to state 83
    CONTINUE    shift, and go to state 84
    BREAK       shift, and go to state 85
    REPEAT      shift, and go to state 86
    UNTIL       shift, and go to state 159
    RETURN      shift, and go to state 87
    DEALLOC     shift, and go to state 88
    NULL_TOKEN  shift, and go to state 89
    NUM         shift, and go to state 90
    VAR         shift, and go to state 91
    STRING      shift, and go to state 92
    '('         shift, and go to state 93

    statement              go to state 136
    inputStatement         go to state 96
    outputStatement        go to state 97
    allocStatement         go to state 98
    deAllocStatement       go to state 99
    assignmentStatement    go to state 100
    ifStatement            go to state 101
    whileStatement         go to state 102
    jumpStatement          go to state 103
    functionCallStatement  go to state 104
    returnStatement        go to state 105
    expression             go to state 106
    arithmeticExpression   go to state 107
    logicalExpression      go to state 108
    constant               go to state 109
    variable               go to state 110
    field                  go to state 111


State 128

   79 expression: VAR . '(' argList ')'
   97 variable: VAR . '[' expression ']'
   98         | VAR .
  100 field: VAR . '.' field
  101      | VAR . '.' VAR

    '['  shift, and go to state 131
    '('  shift, and go to state 160
    '.'  shift, and go to state 133

    $default  reduce using rule 98 (variable)


State 129

   77 returnStatement: RETURN expression .
   84 arithmeticExpression: expression . ADD expression
   85                     | expression . SUB expression
   86                     | expression . MUL expression
   87                     | expression . DIV expression
   88 logicalExpression: expression . SLT expression
   89                  | expression . SGT expression
   90                  | expression . LTE expression
   91                  | expression . GTE expression
   92                  | expression . NEQ expression
   93                  | expression . EQU expression

    ADD  shift, and go to state 138
    SUB  shift, and go to state 139
    MUL  shift, and go to state 140
    DIV  shift, and go to state 141
    SLT  shift, and go to state 143
    SGT  shift, and go to state 144
    LTE  shift, and go to state 145
    GTE  shift, and go to state 146
    NEQ  shift, and go to state 147
    EQU  shift, and go to state 148

    $default  reduce using rule 77 (returnStatement)


State 130

   67 deAllocStatement: DEALLOC '(' . expression ')'

    NULL_TOKEN  shift, and go to state 89
    NUM         shift, and go to state 90
    VAR         shift, and go to state 128
    STRING      shift, and go to state 92
    '('         shift, and go to state 93

    expression            go to state 161
    arithmeticExpression  go to state 107
    logicalExpression     go to state 108
    constant              go to state 109
    variable              go to state 110
    field                 go to state 111


State 131

   97 variable: VAR '[' . expression ']'

    NULL_TOKEN  shift, and go to state 89
    NUM         shift, and go to state 90
    VAR         shift, and go to state 128
    STRING      shift, and go to state 92
    '('         shift, and go to state 93

    expression            go to state 162
    arithmeticExpression  go to state 107
    logicalExpression     go to state 108
    constant              go to state 109
    variable              go to state 110
    field                 go to state 111


State 132

   76 functionCallStatement: VAR '(' . argList ')'
   79 expression: VAR '(' . argList ')'

    NULL_TOKEN  shift, and go to state 89
    NUM         shift, and go to state 90
    VAR         shift, and go to state 128
    STRING      shift, and go to state 92
    '('         shift, and go to state 93

    $default  reduce using rule 104 (argList)

    expression            go to state 163
    arithmeticExpression  go to state 107
    logicalExpression     go to state 108
    constant              go to state 109
    variable              go to state 110
    field                 go to state 111
    argList               go to state 164


State 133

  100 field: VAR '.' . field
  101      | VAR '.' . VAR

    VAR  shift, and go to state 165

    field  go to state 166


State 134

   78 expression: '(' expression . ')'
   84 arithmeticExpression: expression . ADD expression
   85                     | expression . SUB expression
   86                     | expression . MUL expression
   87                     | expression . DIV expression
   88 logicalExpression: expression . SLT expression
   89                  | expression . SGT expression
   90                  | expression . LTE expression
   91                  | expression . GTE expression
   92                  | expression . NEQ expression
   93                  | expression . EQU expression

    ADD  shift, and go to state 138
    SUB  shift, and go to state 139
    MUL  shift, and go to state 140
    DIV  shift, and go to state 141
    SLT  shift, and go to state 143
    SGT  shift, and go to state 144
    LTE  shift, and go to state 145
    GTE  shift, and go to state 146
    NEQ  shift, and go to state 147
    EQU  shift, and go to state 148
    ')'  shift, and go to state 167


State 135

   51 mainFunction: INT MAIN '(' ')' '{' localDeclarationBlock statementList '}' .

    $default  reduce using rule 51 (mainFunction)


State 136

   52 statementList: statementList statement . ';'

    ';'  shift, and go to state 168


State 137

   53 statementList: statement ';' .

    $default  reduce using rule 53 (statementList)


State 138

   84 arithmeticExpression: expression ADD . expression

    NULL_TOKEN  shift, and go to state 89
    NUM         shift, and go to state 90
    VAR         shift, and go to state 128
    STRING      shift, and go to state 92
    '('         shift, and go to state 93

    expression            go to state 169
    arithmeticExpression  go to state 107
    logicalExpression     go to state 108
    constant              go to state 109
    variable              go to state 110
    field                 go to state 111


State 139

   85 arithmeticExpression: expression SUB . expression

    NULL_TOKEN  shift, and go to state 89
    NUM         shift, and go to state 90
    VAR         shift, and go to state 128
    STRING      shift, and go to state 92
    '('         shift, and go to state 93

    expression            go to state 170
    arithmeticExpression  go to state 107
    logicalExpression     go to state 108
    constant              go to state 109
    variable              go to state 110
    field                 go to state 111


State 140

   86 arithmeticExpression: expression MUL . expression

    NULL_TOKEN  shift, and go to state 89
    NUM         shift, and go to state 90
    VAR         shift, and go to state 128
    STRING      shift, and go to state 92
    '('         shift, and go to state 93

    expression            go to state 171
    arithmeticExpression  go to state 107
    logicalExpression     go to state 108
    constant              go to state 109
    variable              go to state 110
    field                 go to state 111


State 141

   87 arithmeticExpression: expression DIV . expression

    NULL_TOKEN  shift, and go to state 89
    NUM         shift, and go to state 90
    VAR         shift, and go to state 128
    STRING      shift, and go to state 92
    '('         shift, and go to state 93

    expression            go to state 172
    arithmeticExpression  go to state 107
    logicalExpression     go to state 108
    constant              go to state 109
    variable              go to state 110
    field                 go to state 111


State 142

   66 allocStatement: expression EQUALS . ALLOC '(' ')'
   68 assignmentStatement: expression EQUALS . expression

    ALLOC       shift, and go to state 173
    NULL_TOKEN  shift, and go to state 89
    NUM         shift, and go to state 90
    VAR         shift, and go to state 128
    STRING      shift, and go to state 92
    '('         shift, and go to state 93

    expression            go to state 174
    arithmeticExpression  go to state 107
    logicalExpression     go to state 108
    constant              go to state 109
    variable              go to state 110
    field                 go to state 111


State 143

   88 logicalExpression: expression SLT . expression

    NULL_TOKEN  shift, and go to state 89
    NUM         shift, and go to state 90
    VAR         shift, and go to state 128
    STRING      shift, and go to state 92
    '('         shift, and go to state 93

    expression            go to state 175
    arithmeticExpression  go to state 107
    logicalExpression     go to state 108
    constant              go to state 109
    variable              go to state 110
    field                 go to state 111


State 144

   89 logicalExpression: expression SGT . expression

    NULL_TOKEN  shift, and go to state 89
    NUM         shift, and go to state 90
    VAR         shift, and go to state 128
    STRING      shift, and go to state 92
    '('         shift, and go to state 93

    expression            go to state 176
    arithmeticExpression  go to state 107
    logicalExpression     go to state 108
    constant              go to state 109
    variable              go to state 110
    field                 go to state 111


State 145

   90 logicalExpression: expression LTE . expression

    NULL_TOKEN  shift, and go to state 89
    NUM         shift, and go to state 90
    VAR         shift, and go to state 128
    STRING      shift, and go to state 92
    '('         shift, and go to state 93

    expression            go to state 177
    arithmeticExpression  go to state 107
    logicalExpression     go to state 108
    constant              go to state 109
    variable              go to state 110
    field                 go to state 111


State 146

   91 logicalExpression: expression GTE . expression

    NULL_TOKEN  shift, and go to state 89
    NUM         shift, and go to state 90
    VAR         shift, and go to state 128
    STRING      shift, and go to state 92
    '('         shift, and go to state 93

    expression            go to state 178
    arithmeticExpression  go to state 107
    logicalExpression     go to state 108
    constant              go to state 109
    variable              go to state 110
    field                 go to state 111


State 147

   92 logicalExpression: expression NEQ . expression

    NULL_TOKEN  shift, and go to state 89
    NUM         shift, and go to state 90
    VAR         shift, and go to state 128
    STRING      shift, and go to state 92
    '('         shift, and go to state 93

    expression            go to state 179
    arithmeticExpression  go to state 107
    logicalExpression     go to state 108
    constant              go to state 109
    variable              go to state 110
    field                 go to state 111


State 148

   93 logicalExpression: expression EQU . expression

    NULL_TOKEN  shift, and go to state 89
    NUM         shift, and go to state 90
    VAR         shift, and go to state 128
    STRING      shift, and go to state 92
    '('         shift, and go to state 93

    expression            go to state 180
    arithmeticExpression  go to state 107
    logicalExpression     go to state 108
    constant              go to state 109
    variable              go to state 110
    field                 go to state 111


State 149

   12 typeDefinition: VAR $@3 '{' fieldList '}' ';' .

    $default  reduce using rule 12 (typeDefinition)


State 150

   15 fieldDeclaration: fieldType VAR ';' .

    $default  reduce using rule 15 (fieldDeclaration)


State 151

   35 functionDefinition: returnType VAR '(' parameterList ')' '{' localDeclarationBlock . $@4 functionBody '}'

    $default  reduce using rule 34 ($@4)

    $@4  go to state 181


State 152

   47 localDeclaration: dataType localVariableList ';' .

    $default  reduce using rule 47 (localDeclaration)


State 153

   48 localVariableList: localVariableList ',' . VAR

    VAR  shift, and go to state 182


State 154

   69 ifStatement: IF '(' expression . ')' THEN statementList ELSE statementList ENDIF
   70            | IF '(' expression . ')' THEN statementList ENDIF
   84 arithmeticExpression: expression . ADD expression
   85                     | expression . SUB expression
   86                     | expression . MUL expression
   87                     | expression . DIV expression
   88 logicalExpression: expression . SLT expression
   89                  | expression . SGT expression
   90                  | expression . LTE expression
   91                  | expression . GTE expression
   92                  | expression . NEQ expression
   93                  | expression . EQU expression

    ADD  shift, and go to state 138
    SUB  shift, and go to state 139
    MUL  shift, and go to state 140
    DIV  shift, and go to state 141
    SLT  shift, and go to state 143
    SGT  shift, and go to state 144
    LTE  shift, and go to state 145
    GTE  shift, and go to state 146
    NEQ  shift, and go to state 147
    EQU  shift, and go to state 148
    ')'  shift, and go to state 183


State 155

   71 whileStatement: WHILE '(' expression . ')' DO statementList ENDWHILE
   84 arithmeticExpression: expression . ADD expression
   85                     | expression . SUB expression
   86                     | expression . MUL expression
   87                     | expression . DIV expression
   88 logicalExpression: expression . SLT expression
   89                  | expression . SGT expression
   90                  | expression . LTE expression
   91                  | expression . GTE expression
   92                  | expression . NEQ expression
   93                  | expression . EQU expression

    ADD  shift, and go to state 138
    SUB  shift, and go to state 139
    MUL  shift, and go to state 140
    DIV  shift, and go to state 141
    SLT  shift, and go to state 143
    SGT  shift, and go to state 144
    LTE  shift, and go to state 145
    GTE  shift, and go to state 146
    NEQ  shift, and go to state 147
    EQU  shift, and go to state 148
    ')'  shift, and go to state 184


State 156

   71 whileStatement: WHILE . '(' expression ')' DO statementList ENDWHILE
   72               | DO statementList WHILE . '(' expression ')' ENDWHILE

    '('  shift, and go to state 185


State 157

   64 inputStatement: READ '(' expression . ')'
   84 arithmeticExpression: expression . ADD expression
   85                     | expression . SUB expression
   86                     | expression . MUL expression
   87                     | expression . DIV expression
   88 logicalExpression: expression . SLT expression
   89                  | expression . SGT expression
   90                  | expression . LTE expression
   91                  | expression . GTE expression
   92                  | expression . NEQ expression
   93                  | expression . EQU expression

    ADD  shift, and go to state 138
    SUB  shift, and go to state 139
    MUL  shift, and go to state 140
    DIV  shift, and go to state 141
    SLT  shift, and go to state 143
    SGT  shift, and go to state 144
    LTE  shift, and go to state 145
    GTE  shift, and go to state 146
    NEQ  shift, and go to state 147
    EQU  shift, and go to state 148
    ')'  shift, and go to state 186


State 158

   65 outputStatement: WRITE '(' expression . ')'
   84 arithmeticExpression: expression . ADD expression
   85                     | expression . SUB expression
   86                     | expression . MUL expression
   87                     | expression . DIV expression
   88 logicalExpression: expression . SLT expression
   89                  | expression . SGT expression
   90                  | expression . LTE expression
   91                  | expression . GTE expression
   92                  | expression . NEQ expression
   93                  | expression . EQU expression

    ADD  shift, and go to state 138
    SUB  shift, and go to state 139
    MUL  shift, and go to state 140
    DIV  shift, and go to state 141
    SLT  shift, and go to state 143
    SGT  shift, and go to state 144
    LTE  shift, and go to state 145
    GTE  shift, and go to state 146
    NEQ  shift, and go to state 147
    EQU  shift, and go to state 148
    ')'  shift, and go to state 187


State 159

   73 whileStatement: REPEAT statementList UNTIL . '(' expression ')'

    '('  shift, and go to state 188


State 160

   79 expression: VAR '(' . argList ')'

    NULL_TOKEN  shift, and go to state 89
    NUM         shift, and go to state 90
    VAR         shift, and go to state 128
    STRING      shift, and go to state 92
    '('         shift, and go to state 93

    $default  reduce using rule 104 (argList)

    expression            go to state 163
    arithmeticExpression  go to state 107
    logicalExpression     go to state 108
    constant              go to state 109
    variable              go to state 110
    field                 go to state 111
    argList               go to state 189


State 161

   67 deAllocStatement: DEALLOC '(' expression . ')'
   84 arithmeticExpression: expression . ADD expression
   85                     | expression . SUB expression
   86                     | expression . MUL expression
   87                     | expression . DIV expression
   88 logicalExpression: expression . SLT expression
   89                  | expression . SGT expression
   90                  | expression . LTE expression
   91                  | expression . GTE expression
   92                  | expression . NEQ expression
   93                  | expression . EQU expression

    ADD  shift, and go to state 138
    SUB  shift, and go to state 139
    MUL  shift, and go to state 140
    DIV  shift, and go to state 141
    SLT  shift, and go to state 143
    SGT  shift, and go to state 144
    LTE  shift, and go to state 145
    GTE  shift, and go to state 146
    NEQ  shift, and go to state 147
    EQU  shift, and go to state 148
    ')'  shift, and go to state 190


State 162

   84 arithmeticExpression: expression . ADD expression
   85                     | expression . SUB expression
   86                     | expression . MUL expression
   87                     | expression . DIV expression
   88 logicalExpression: expression . SLT expression
   89                  | expression . SGT expression
   90                  | expression . LTE expression
   91                  | expression . GTE expression
   92                  | expression . NEQ expression
   93                  | expression . EQU expression
   97 variable: VAR '[' expression . ']'

    ADD  shift, and go to state 138
    SUB  shift, and go to state 139
    MUL  shift, and go to state 140
    DIV  shift, and go to state 141
    SLT  shift, and go to state 143
    SGT  shift, and go to state 144
    LTE  shift, and go to state 145
    GTE  shift, and go to state 146
    NEQ  shift, and go to state 147
    EQU  shift, and go to state 148
    ']'  shift, and go to state 191


State 163

   84 arithmeticExpression: expression . ADD expression
   85                     | expression . SUB expression
   86                     | expression . MUL expression
   87                     | expression . DIV expression
   88 logicalExpression: expression . SLT expression
   89                  | expression . SGT expression
   90                  | expression . LTE expression
   91                  | expression . GTE expression
   92                  | expression . NEQ expression
   93                  | expression . EQU expression
  103 argList: expression .

    ADD  shift, and go to state 138
    SUB  shift, and go to state 139
    MUL  shift, and go to state 140
    DIV  shift, and go to state 141
    SLT  shift, and go to state 143
    SGT  shift, and go to state 144
    LTE  shift, and go to state 145
    GTE  shift, and go to state 146
    NEQ  shift, and go to state 147
    EQU  shift, and go to state 148

    $default  reduce using rule 103 (argList)


State 164

   76 functionCallStatement: VAR '(' argList . ')'
   79 expression: VAR '(' argList . ')'
  102 argList: argList . ',' expression

    ','  shift, and go to state 192
    ')'  shift, and go to state 193


State 165

  100 field: VAR . '.' field
  101      | VAR . '.' VAR
  101      | VAR '.' VAR .

    '.'  shift, and go to state 133

    $default  reduce using rule 101 (field)


State 166

  100 field: VAR '.' field .

    $default  reduce using rule 100 (field)


State 167

   78 expression: '(' expression ')' .

    $default  reduce using rule 78 (expression)


State 168

   52 statementList: statementList statement ';' .

    $default  reduce using rule 52 (statementList)


State 169

   84 arithmeticExpression: expression . ADD expression
   84                     | expression ADD expression .
   85                     | expression . SUB expression
   86                     | expression . MUL expression
   87                     | expression . DIV expression
   88 logicalExpression: expression . SLT expression
   89                  | expression . SGT expression
   90                  | expression . LTE expression
   91                  | expression . GTE expression
   92                  | expression . NEQ expression
   93                  | expression . EQU expression

    MUL  shift, and go to state 140
    DIV  shift, and go to state 141

    $default  reduce using rule 84 (arithmeticExpression)


State 170

   84 arithmeticExpression: expression . ADD expression
   85                     | expression . SUB expression
   85                     | expression SUB expression .
   86                     | expression . MUL expression
   87                     | expression . DIV expression
   88 logicalExpression: expression . SLT expression
   89                  | expression . SGT expression
   90                  | expression . LTE expression
   91                  | expression . GTE expression
   92                  | expression . NEQ expression
   93                  | expression . EQU expression

    MUL  shift, and go to state 140
    DIV  shift, and go to state 141

    $default  reduce using rule 85 (arithmeticExpression)


State 171

   84 arithmeticExpression: expression . ADD expression
   85                     | expression . SUB expression
   86                     | expression . MUL expression
   86                     | expression MUL expression .
   87                     | expression . DIV expression
   88 logicalExpression: expression . SLT expression
   89                  | expression . SGT expression
   90                  | expression . LTE expression
   91                  | expression . GTE expression
   92                  | expression . NEQ expression
   93                  | expression . EQU expression

    $default  reduce using rule 86 (arithmeticExpression)


State 172

   84 arithmeticExpression: expression . ADD expression
   85                     | expression . SUB expression
   86                     | expression . MUL expression
   87                     | expression . DIV expression
   87                     | expression DIV expression .
   88 logicalExpression: expression . SLT expression
   89                  | expression . SGT expression
   90                  | expression . LTE expression
   91                  | expression . GTE expression
   92                  | expression . NEQ expression
   93                  | expression . EQU expression

    $default  reduce using rule 87 (arithmeticExpression)


State 173

   66 allocStatement: expression EQUALS ALLOC . '(' ')'

    '('  shift, and go to state 194


State 174

   68 assignmentStatement: expression EQUALS expression .
   84 arithmeticExpression: expression . ADD expression
   85                     | expression . SUB expression
   86                     | expression . MUL expression
   87                     | expression . DIV expression
   88 logicalExpression: expression . SLT expression
   89                  | expression . SGT expression
   90                  | expression . LTE expression
   91                  | expression . GTE expression
   92                  | expression . NEQ expression
   93                  | expression . EQU expression

    ADD  shift, and go to state 138
    SUB  shift, and go to state 139
    MUL  shift, and go to state 140
    DIV  shift, and go to state 141
    SLT  shift, and go to state 143
    SGT  shift, and go to state 144
    LTE  shift, and go to state 145
    GTE  shift, and go to state 146
    NEQ  shift, and go to state 147
    EQU  shift, and go to state 148

    $default  reduce using rule 68 (assignmentStatement)


State 175

   84 arithmeticExpression: expression . ADD expression
   85                     | expression . SUB expression
   86                     | expression . MUL expression
   87                     | expression . DIV expression
   88 logicalExpression: expression . SLT expression
   88                  | expression SLT expression .
   89                  | expression . SGT expression
   90                  | expression . LTE expression
   91                  | expression . GTE expression
   92                  | expression . NEQ expression
   93                  | expression . EQU expression

    ADD  shift, and go to state 138
    SUB  shift, and go to state 139
    MUL  shift, and go to state 140
    DIV  shift, and go to state 141

    SLT  error (nonassociative)
    SGT  error (nonassociative)
    LTE  error (nonassociative)
    GTE  error (nonassociative)
    NEQ  error (nonassociative)
    EQU  error (nonassociative)

    $default  reduce using rule 88 (logicalExpression)


State 176

   84 arithmeticExpression: expression . ADD expression
   85                     | expression . SUB expression
   86                     | expression . MUL expression
   87                     | expression . DIV expression
   88 logicalExpression: expression . SLT expression
   89                  | expression . SGT expression
   89                  | expression SGT expression .
   90                  | expression . LTE expression
   91                  | expression . GTE expression
   92                  | expression . NEQ expression
   93                  | expression . EQU expression

    ADD  shift, and go to state 138
    SUB  shift, and go to state 139
    MUL  shift, and go to state 140
    DIV  shift, and go to state 141

    SLT  error (nonassociative)
    SGT  error (nonassociative)
    LTE  error (nonassociative)
    GTE  error (nonassociative)
    NEQ  error (nonassociative)
    EQU  error (nonassociative)

    $default  reduce using rule 89 (logicalExpression)


State 177

   84 arithmeticExpression: expression . ADD expression
   85                     | expression . SUB expression
   86                     | expression . MUL expression
   87                     | expression . DIV expression
   88 logicalExpression: expression . SLT expression
   89                  | expression . SGT expression
   90                  | expression . LTE expression
   90                  | expression LTE expression .
   91                  | expression . GTE expression
   92                  | expression . NEQ expression
   93                  | expression . EQU expression

    ADD  shift, and go to state 138
    SUB  shift, and go to state 139
    MUL  shift, and go to state 140
    DIV  shift, and go to state 141

    SLT  error (nonassociative)
    SGT  error (nonassociative)
    LTE  error (nonassociative)
    GTE  error (nonassociative)
    NEQ  error (nonassociative)
    EQU  error (nonassociative)

    $default  reduce using rule 90 (logicalExpression)


State 178

   84 arithmeticExpression: expression . ADD expression
   85                     | expression . SUB expression
   86                     | expression . MUL expression
   87                     | expression . DIV expression
   88 logicalExpression: expression . SLT expression
   89                  | expression . SGT expression
   90                  | expression . LTE expression
   91                  | expression . GTE expression
   91                  | expression GTE expression .
   92                  | expression . NEQ expression
   93                  | expression . EQU expression

    ADD  shift, and go to state 138
    SUB  shift, and go to state 139
    MUL  shift, and go to state 140
    DIV  shift, and go to state 141

    SLT  error (nonassociative)
    SGT  error (nonassociative)
    LTE  error (nonassociative)
    GTE  error (nonassociative)
    NEQ  error (nonassociative)
    EQU  error (nonassociative)

    $default  reduce using rule 91 (logicalExpression)


State 179

   84 arithmeticExpression: expression . ADD expression
   85                     | expression . SUB expression
   86                     | expression . MUL expression
   87                     | expression . DIV expression
   88 logicalExpression: expression . SLT expression
   89                  | expression . SGT expression
   90                  | expression . LTE expression
   91                  | expression . GTE expression
   92                  | expression . NEQ expression
   92                  | expression NEQ expression .
   93                  | expression . EQU expression

    ADD  shift, and go to state 138
    SUB  shift, and go to state 139
    MUL  shift, and go to state 140
    DIV  shift, and go to state 141

    SLT  error (nonassociative)
    SGT  error (nonassociative)
    LTE  error (nonassociative)
    GTE  error (nonassociative)
    NEQ  error (nonassociative)
    EQU  error (nonassociative)

    $default  reduce using rule 92 (logicalExpression)


State 180

   84 arithmeticExpression: expression . ADD expression
   85                     | expression . SUB expression
   86                     | expression . MUL expression
   87                     | expression . DIV expression
   88 logicalExpression: expression . SLT expression
   89                  | expression . SGT expression
   90                  | expression . LTE expression
   91                  | expression . GTE expression
   92                  | expression . NEQ expression
   93                  | expression . EQU expression
   93                  | expression EQU expression .

    ADD  shift, and go to state 138
    SUB  shift, and go to state 139
    MUL  shift, and go to state 140
    DIV  shift, and go to state 141

    SLT  error (nonassociative)
    SGT  error (nonassociative)
    LTE  error (nonassociative)
    GTE  error (nonassociative)
    NEQ  error (nonassociative)
    EQU  error (nonassociative)

    $default  reduce using rule 93 (logicalExpression)


State 181

   35 functionDefinition: returnType VAR '(' parameterList ')' '{' localDeclarationBlock $@4 . functionBody '}'

    IF          shift, and go to state 79
    WHILE       shift, and go to state 80
    DO          shift, and go to state 81
    READ        shift, and go to state 82
    WRITE       shift, and go to state 83
    CONTINUE    shift, and go to state 84
    BREAK       shift, and go to state 85
    REPEAT      shift, and go to state 86
    RETURN      shift, and go to state 87
    DEALLOC     shift, and go to state 88
    NULL_TOKEN  shift, and go to state 89
    NUM         shift, and go to state 90
    VAR         shift, and go to state 91
    STRING      shift, and go to state 92
    '('         shift, and go to state 93

    functionBody           go to state 195
    statementList          go to state 196
    statement              go to state 95
    inputStatement         go to state 96
    outputStatement        go to state 97
    allocStatement         go to state 98
    deAllocStatement       go to state 99
    assignmentStatement    go to state 100
    ifStatement            go to state 101
    whileStatement         go to state 102
    jumpStatement          go to state 103
    functionCallStatement  go to state 104
    returnStatement        go to state 105
    expression             go to state 106
    arithmeticExpression   go to state 107
    logicalExpression      go to state 108
    constant               go to state 109
    variable               go to state 110
    field                  go to state 111


State 182

   48 localVariableList: localVariableList ',' VAR .

    $default  reduce using rule 48 (localVariableList)


State 183

   69 ifStatement: IF '(' expression ')' . THEN statementList ELSE statementList ENDIF
   70            | IF '(' expression ')' . THEN statementList ENDIF

    THEN  shift, and go to state 197


State 184

   71 whileStatement: WHILE '(' expression ')' . DO statementList ENDWHILE

    DO  shift, and go to state 198


State 185

   71 whileStatement: WHILE '(' . expression ')' DO statementList ENDWHILE
   72               | DO statementList WHILE '(' . expression ')' ENDWHILE

    NULL_TOKEN  shift, and go to state 89
    NUM         shift, and go to state 90
    VAR         shift, and go to state 128
    STRING      shift, and go to state 92
    '('         shift, and go to state 93

    expression            go to state 199
    arithmeticExpression  go to state 107
    logicalExpression     go to state 108
    constant              go to state 109
    variable              go to state 110
    field                 go to state 111


State 186

   64 inputStatement: READ '(' expression ')' .

    $default  reduce using rule 64 (inputStatement)


State 187

   65 outputStatement: WRITE '(' expression ')' .

    $default  reduce using rule 65 (outputStatement)


State 188

   73 whileStatement: REPEAT statementList UNTIL '(' . expression ')'

    NULL_TOKEN  shift, and go to state 89
    NUM         shift, and go to state 90
    VAR         shift, and go to state 128
    STRING      shift, and go to state 92
    '('         shift, and go to state 93

    expression            go to state 200
    arithmeticExpression  go to state 107
    logicalExpression     go to state 108
    constant              go to state 109
    variable              go to state 110
    field                 go to state 111


State 189

   79 expression: VAR '(' argList . ')'
  102 argList: argList . ',' expression

    ','  shift, and go to state 192
    ')'  shift, and go to state 201


State 190

   67 deAllocStatement: DEALLOC '(' expression ')' .

    $default  reduce using rule 67 (deAllocStatement)


State 191

   97 variable: VAR '[' expression ']' .

    $default  reduce using rule 97 (variable)


State 192

  102 argList: argList ',' . expression

    NULL_TOKEN  shift, and go to state 89
    NUM         shift, and go to state 90
    VAR         shift, and go to state 128
    STRING      shift, and go to state 92
    '('         shift, and go to state 93

    expression            go to state 202
    arithmeticExpression  go to state 107
    logicalExpression     go to state 108
    constant              go to state 109
    variable              go to state 110
    field                 go to state 111


State 193

   76 functionCallStatement: VAR '(' argList ')' .
   79 expression: VAR '(' argList ')' .

    ';'       reduce using rule 76 (functionCallStatement)
    $default  reduce using rule 79 (expression)


State 194

   66 allocStatement: expression EQUALS ALLOC '(' . ')'

    ')'  shift, and go to state 203


State 195

   35 functionDefinition: returnType VAR '(' parameterList ')' '{' localDeclarationBlock $@4 functionBody . '}'

    '}'  shift, and go to state 204


State 196

   50 functionBody: statementList .
   52 statementList: statementList . statement ';'

    IF          shift, and go to state 79
    WHILE       shift, and go to state 80
    DO          shift, and go to state 81
    READ        shift, and go to state 82
    WRITE       shift, and go to state 83
    CONTINUE    shift, and go to state 84
    BREAK       shift, and go to state 85
    REPEAT      shift, and go to state 86
    RETURN      shift, and go to state 87
    DEALLOC     shift, and go to state 88
    NULL_TOKEN  shift, and go to state 89
    NUM         shift, and go to state 90
    VAR         shift, and go to state 91
    STRING      shift, and go to state 92
    '('         shift, and go to state 93

    $default  reduce using rule 50 (functionBody)

    statement              go to state 136
    inputStatement         go to state 96
    outputStatement        go to state 97
    allocStatement         go to state 98
    deAllocStatement       go to state 99
    assignmentStatement    go to state 100
    ifStatement            go to state 101
    whileStatement         go to state 102
    jumpStatement          go to state 103
    functionCallStatement  go to state 104
    returnStatement        go to state 105
    expression             go to state 106
    arithmeticExpression   go to state 107
    logicalExpression      go to state 108
    constant               go to state 109
    variable               go to state 110
    field                  go to state 111


State 197

   69 ifStatement: IF '(' expression ')' THEN . statementList ELSE statementList ENDIF
   70            | IF '(' expression ')' THEN . statementList ENDIF

    IF          shift, and go to state 79
    WHILE       shift, and go to state 80
    DO          shift, and go to state 81
    READ        shift, and go to state 82
    WRITE       shift, and go to state 83
    CONTINUE    shift, and go to state 84
    BREAK       shift, and go to state 85
    REPEAT      shift, and go to state 86
    RETURN      shift, and go to state 87
    DEALLOC     shift, and go to state 88
    NULL_TOKEN  shift, and go to state 89
    NUM         shift, and go to state 90
    VAR         shift, and go to state 91
    STRING      shift, and go to state 92
    '('         shift, and go to state 93

    statementList          go to state 205
    statement              go to state 95
    inputStatement         go to state 96
    outputStatement        go to state 97
    allocStatement         go to state 98
    deAllocStatement       go to state 99
    assignmentStatement    go to state 100
    ifStatement            go to state 101
    whileStatement         go to state 102
    jumpStatement          go to state 103
    functionCallStatement  go to state 104
    returnStatement        go to state 105
    expression             go to state 106
    arithmeticExpression   go to state 107
    logicalExpression      go to state 108
    constant               go to state 109
    variable               go to state 110
    field                  go to state 111


State 198

   71 whileStatement: WHILE '(' expression ')' DO . statementList ENDWHILE

    IF          shift, and go to state 79
    WHILE       shift, and go to state 80
    DO          shift, and go to state 81
    READ        shift, and go to state 82
    WRITE       shift, and go to state 83
    CONTINUE    shift, and go to state 84
    BREAK       shift, and go to state 85
    REPEAT      shift, and go to state 86
    RETURN      shift, and go to state 87
    DEALLOC     shift, and go to state 88
    NULL_TOKEN  shift, and go to state 89
    NUM         shift, and go to state 90
    VAR         shift, and go to state 91
    STRING      shift, and go to state 92
    '('         shift, and go to state 93

    statementList          go to state 206
    statement              go to state 95
    inputStatement         go to state 96
    outputStatement        go to state 97
    allocStatement         go to state 98
    deAllocStatement       go to state 99
    assignmentStatement    go to state 100
    ifStatement            go to state 101
    whileStatement         go to state 102
    jumpStatement          go to state 103
    functionCallStatement  go to state 104
    returnStatement        go to state 105
    expression             go to state 106
    arithmeticExpression   go to state 107
    logicalExpression      go to state 108
    constant               go to state 109
    variable               go to state 110
    field                  go to state 111


State 199

   71 whileStatement: WHILE '(' expression . ')' DO statementList ENDWHILE
   72               | DO statementList WHILE '(' expression . ')' ENDWHILE
   84 arithmeticExpression: expression . ADD expression
   85                     | expression . SUB expression
   86                     | expression . MUL expression
   87                     | expression . DIV expression
   88 logicalExpression: expression . SLT expression
   89                  | expression . SGT expression
   90                  | expression . LTE expression
   91                  | expression . GTE expression
   92                  | expression . NEQ expression
   93                  | expression . EQU expression

    ADD  shift, and go to state 138
    SUB  shift, and go to state 139
    MUL  shift, and go to state 140
    DIV  shift, and go to state 141
    SLT  shift, and go to state 143
    SGT  shift, and go to state 144
    LTE  shift, and go to state 145
    GTE  shift, and go to state 146
    NEQ  shift, and go to state 147
    EQU  shift, and go to state 148
    ')'  shift, and go to state 207


State 200

   73 whileStatement: REPEAT statementList UNTIL '(' expression . ')'
   84 arithmeticExpression: expression . ADD expression
   85                     | expression . SUB expression
   86                     | expression . MUL expression
   87                     | expression . DIV expression
   88 logicalExpression: expression . SLT expression
   89                  | expression . SGT expression
   90                  | expression . LTE expression
   91                  | expression . GTE expression
   92                  | expression . NEQ expression
   93                  | expression . EQU expression

    ADD  shift, and go to state 138
    SUB  shift, and go to state 139
    MUL  shift, and go to state 140
    DIV  shift, and go to state 141
    SLT  shift, and go to state 143
    SGT  shift, and go to state 144
    LTE  shift, and go to state 145
    GTE  shift, and go to state 146
    NEQ  shift, and go to state 147
    EQU  shift, and go to state 148
    ')'  shift, and go to state 208


State 201

   79 expression: VAR '(' argList ')' .

    $default  reduce using rule 79 (expression)


State 202

   84 arithmeticExpression: expression . ADD expression
   85                     | expression . SUB expression
   86                     | expression . MUL expression
   87                     | expression . DIV expression
   88 logicalExpression: expression . SLT expression
   89                  | expression . SGT expression
   90                  | expression . LTE expression
   91                  | expression . GTE expression
   92                  | expression . NEQ expression
   93                  | expression . EQU expression
  102 argList: argList ',' expression .

    ADD  shift, and go to state 138
    SUB  shift, and go to state 139
    MUL  shift, and go to state 140
    DIV  shift, and go to state 141
    SLT  shift, and go to state 143
    SGT  shift, and go to state 144
    LTE  shift, and go to state 145
    GTE  shift, and go to state 146
    NEQ  shift, and go to state 147
    EQU  shift, and go to state 148

    $default  reduce using rule 102 (argList)


State 203

   66 allocStatement: expression EQUALS ALLOC '(' ')' .

    $default  reduce using rule 66 (allocStatement)


State 204

   35 functionDefinition: returnType VAR '(' parameterList ')' '{' localDeclarationBlock $@4 functionBody '}' .

    $default  reduce using rule 35 (functionDefinition)


State 205

   52 statementList: statementList . statement ';'
   69 ifStatement: IF '(' expression ')' THEN statementList . ELSE statementList ENDIF
   70            | IF '(' expression ')' THEN statementList . ENDIF

    IF          shift, and go to state 79
    ELSE        shift, and go to state 209
    ENDIF       shift, and go to state 210
    WHILE       shift, and go to state 80
    DO          shift, and go to state 81
    READ        shift, and go to state 82
    WRITE       shift, and go to state 83
    CONTINUE    shift, and go to state 84
    BREAK       shift, and go to state 85
    REPEAT      shift, and go to state 86
    RETURN      shift, and go to state 87
    DEALLOC     shift, and go to state 88
    NULL_TOKEN  shift, and go to state 89
    NUM         shift, and go to state 90
    VAR         shift, and go to state 91
    STRING      shift, and go to state 92
    '('         shift, and go to state 93

    statement              go to state 136
    inputStatement         go to state 96
    outputStatement        go to state 97
    allocStatement         go to state 98
    deAllocStatement       go to state 99
    assignmentStatement    go to state 100
    ifStatement            go to state 101
    whileStatement         go to state 102
    jumpStatement          go to state 103
    functionCallStatement  go to state 104
    returnStatement        go to state 105
    expression             go to state 106
    arithmeticExpression   go to state 107
    logicalExpression      go to state 108
    constant               go to state 109
    variable               go to state 110
    field                  go to state 111


State 206

   52 statementList: statementList . statement ';'
   71 whileStatement: WHILE '(' expression ')' DO statementList . ENDWHILE

    IF          shift, and go to state 79
    WHILE       shift, and go to state 80
    DO          shift, and go to state 81
    ENDWHILE    shift, and go to state 211
    READ        shift, and go to state 82
    WRITE       shift, and go to state 83
    CONTINUE    shift, and go to state 84
    BREAK       shift, and go to state 85
    REPEAT      shift, and go to state 86
    RETURN      shift, and go to state 87
    DEALLOC     shift, and go to state 88
    NULL_TOKEN  shift, and go to state 89
    NUM         shift, and go to state 90
    VAR         shift, and go to state 91
    STRING      shift, and go to state 92
    '('         shift, and go to state 93

    statement              go to state 136
    inputStatement         go to state 96
    outputStatement        go to state 97
    allocStatement         go to state 98
    deAllocStatement       go to state 99
    assignmentStatement    go to state 100
    ifStatement            go to state 101
    whileStatement         go to state 102
    jumpStatement          go to state 103
    functionCallStatement  go to state 104
    returnStatement        go to state 105
    expression             go to state 106
    arithmeticExpression   go to state 107
    logicalExpression      go to state 108
    constant               go to state 109
    variable               go to state 110
    field                  go to state 111


State 207

   71 whileStatement: WHILE '(' expression ')' . DO statementList ENDWHILE
   72               | DO statementList WHILE '(' expression ')' . ENDWHILE

    DO        shift, and go to state 198
    ENDWHILE  shift, and go to state 212


State 208

   73 whileStatement: REPEAT statementList UNTIL '(' expression ')' .

    $default  reduce using rule 73 (whileStatement)


State 209

   69 ifStatement: IF '(' expression ')' THEN statementList ELSE . statementList ENDIF

    IF          shift, and go to state 79
    WHILE       shift, and go to state 80
    DO          shift, and go to state 81
    READ        shift, and go to state 82
    WRITE       shift, and go to state 83
    CONTINUE    shift, and go to state 84
    BREAK       shift, and go to state 85
    REPEAT      shift, and go to state 86
    RETURN      shift, and go to state 87
    DEALLOC     shift, and go to state 88
    NULL_TOKEN  shift, and go to state 89
    NUM         shift, and go to state 90
    VAR         shift, and go to state 91
    STRING      shift, and go to state 92
    '('         shift, and go to state 93

    statementList          go to state 213
    statement              go to state 95
    inputStatement         go to state 96
    outputStatement        go to state 97
    allocStatement         go to state 98
    deAllocStatement       go to state 99
    assignmentStatement    go to state 100
    ifStatement            go to state 101
    whileStatement         go to state 102
    jumpStatement          go to state 103
    functionCallStatement  go to state 104
    returnStatement        go to state 105
    expression             go to state 106
    arithmeticExpression   go to state 107
    logicalExpression      go to state 108
    constant               go to state 109
    variable               go to state 110
    field                  go to state 111


State 210

   70 ifStatement: IF '(' expression ')' THEN statementList ENDIF .

    $default  reduce using rule 70 (ifStatement)


State 211

   71 whileStatement: WHILE '(' expression ')' DO statementList ENDWHILE .

    $default  reduce using rule 71 (whileStatement)


State 212

   72 whileStatement: DO statementList WHILE '(' expression ')' ENDWHILE .

    $default  reduce using rule 72 (whileStatement)


State 213

   52 statementList: statementList . statement ';'
   69 ifStatement: IF '(' expression ')' THEN statementList ELSE statementList . ENDIF

    IF          shift, and go to state 79
    ENDIF       shift, and go to state 214
    WHILE       shift, and go to state 80
    DO          shift, and go to state 81
    READ        shift, and go to state 82
    WRITE       shift, and go to state 83
    CONTINUE    shift, and go to state 84
    BREAK       shift, and go to state 85
    REPEAT      shift, and go to state 86
    RETURN      shift, and go to state 87
    DEALLOC     shift, and go to state 88
    NULL_TOKEN  shift, and go to state 89
    NUM         shift, and go to state 90
    VAR         shift, and go to state 91
    STRING      shift, and go to state 92
    '('         shift, and go to state 93

    statement              go to state 136
    inputStatement         go to state 96
    outputStatement        go to state 97
    allocStatement         go to state 98
    deAllocStatement       go to state 99
    assignmentStatement    go to state 100
    ifStatement            go to state 101
    whileStatement         go to state 102
    jumpStatement          go to state 103
    functionCallStatement  go to state 104
    returnStatement        go to state 105
    expression             go to state 106
    arithmeticExpression   go to state 107
    logicalExpression      go to state 108
    constant               go to state 109
    variable               go to state 110
    field                  go to state 111


State 214

   69 ifStatement: IF '(' expression ')' THEN statementList ELSE statementList ENDIF .

    $default  reduce using rule 69 (ifStatement)
